SF:C:\dev\Testes\GlassLewis\GlassLewis\src\services\GlassLewis.Company.API\Program.cs
FN:14,System.Void GlassLewis.Company.API.Program::Main(System.String[])
FNDA:0,System.Void GlassLewis.Company.API.Program::Main(System.String[])
DA:15,0
DA:16,0
DA:17,0
FN:19,Microsoft.Extensions.Hosting.IHostBuilder GlassLewis.Company.API.Program::CreateHostBuilder(System.String[])
FNDA:0,Microsoft.Extensions.Hosting.IHostBuilder GlassLewis.Company.API.Program::CreateHostBuilder(System.String[])
DA:20,0
DA:21,0
DA:22,0
DA:23,0
DA:24,0
LF:8
LH:0
BRF:0
BRH:0
FNF:2
FNH:0
end_of_record
SF:C:\dev\Testes\GlassLewis\GlassLewis\src\services\GlassLewis.Company.API\Startup.cs
FN:13,Microsoft.Extensions.Configuration.IConfiguration GlassLewis.Company.API.Startup::get_Configuration()
FNDA:0,Microsoft.Extensions.Configuration.IConfiguration GlassLewis.Company.API.Startup::get_Configuration()
DA:14,0
FN:27,System.Void GlassLewis.Company.API.Startup::ConfigureServices(Microsoft.Extensions.DependencyInjection.IServiceCollection)
FNDA:0,System.Void GlassLewis.Company.API.Startup::ConfigureServices(Microsoft.Extensions.DependencyInjection.IServiceCollection)
DA:28,0
DA:29,0
DA:31,0
DA:33,0
DA:35,0
DA:37,0
DA:39,0
FN:41,System.Void GlassLewis.Company.API.Startup::Configure(Microsoft.AspNetCore.Builder.IApplicationBuilder,Microsoft.AspNetCore.Hosting.IWebHostEnvironment)
FNDA:0,System.Void GlassLewis.Company.API.Startup::Configure(Microsoft.AspNetCore.Builder.IApplicationBuilder,Microsoft.AspNetCore.Hosting.IWebHostEnvironment)
DA:42,0
DA:43,0
DA:45,0
DA:46,0
FN:15,System.Void GlassLewis.Company.API.Startup::.ctor(Microsoft.Extensions.Hosting.IHostEnvironment)
FNDA:0,System.Void GlassLewis.Company.API.Startup::.ctor(Microsoft.Extensions.Hosting.IHostEnvironment)
DA:16,0
DA:17,0
DA:18,0
DA:19,0
DA:20,0
DA:21,0
DA:22,0
DA:24,0
DA:25,0
LF:21
LH:0
BRF:0
BRH:0
FNF:4
FNH:0
end_of_record
SF:C:\dev\Testes\GlassLewis\GlassLewis\src\services\GlassLewis.Company.API\Controllers\CompanyController.cs
FN:17,System.Void GlassLewis.Company.API.Controllers.CompanyController::.ctor(GlassLewis.Core.Mediator.Interface.IMediatorHandler,GlassLewis.Company.Domain.Interfaces.Repository.ICompanyRepository)
FNDA:0,System.Void GlassLewis.Company.API.Controllers.CompanyController::.ctor(GlassLewis.Core.Mediator.Interface.IMediatorHandler,GlassLewis.Company.Domain.Interfaces.Repository.ICompanyRepository)
DA:18,0
DA:19,0
DA:20,0
DA:21,0
DA:22,0
FN:26,System.Void GlassLewis.Company.API.Controllers.CompanyController/<Add>d__3::MoveNext()
FNDA:0,System.Void GlassLewis.Company.API.Controllers.CompanyController/<Add>d__3::MoveNext()
DA:27,0
DA:28,0
DA:29,0
FN:33,System.Void GlassLewis.Company.API.Controllers.CompanyController/<GetById>d__4::MoveNext()
FNDA:0,System.Void GlassLewis.Company.API.Controllers.CompanyController/<GetById>d__4::MoveNext()
DA:34,0
DA:35,0
DA:36,0
DA:37,0
BRDA:36,157,0,0
BRDA:36,157,1,0
FN:41,System.Void GlassLewis.Company.API.Controllers.CompanyController/<GetByIsin>d__5::MoveNext()
FNDA:0,System.Void GlassLewis.Company.API.Controllers.CompanyController/<GetByIsin>d__5::MoveNext()
DA:42,0
DA:43,0
DA:44,0
DA:46,0
BRDA:44,157,0,0
BRDA:44,157,1,0
FN:50,System.Void GlassLewis.Company.API.Controllers.CompanyController/<GetAll>d__6::MoveNext()
FNDA:0,System.Void GlassLewis.Company.API.Controllers.CompanyController/<GetAll>d__6::MoveNext()
DA:51,0
DA:52,0
DA:53,0
DA:54,0
BRDA:53,151,0,0
BRDA:53,151,1,0
FN:58,System.Void GlassLewis.Company.API.Controllers.CompanyController/<Update>d__7::MoveNext()
FNDA:0,System.Void GlassLewis.Company.API.Controllers.CompanyController/<Update>d__7::MoveNext()
DA:59,0
DA:60,0
DA:61,0
DA:62,0
BRDA:61,151,0,0
BRDA:61,151,1,0
LF:24
LH:0
BRF:8
BRH:0
FNF:6
FNH:0
end_of_record
SF:C:\dev\Testes\GlassLewis\GlassLewis\src\services\GlassLewis.Company.API\Configuration\ApiConfig.cs
FN:14,System.Void GlassLewis.Company.API.Configuration.ApiConfig::AddApiConfiguration(Microsoft.Extensions.DependencyInjection.IServiceCollection,Microsoft.Extensions.Configuration.IConfiguration)
FNDA:0,System.Void GlassLewis.Company.API.Configuration.ApiConfig::AddApiConfiguration(Microsoft.Extensions.DependencyInjection.IServiceCollection,Microsoft.Extensions.Configuration.IConfiguration)
DA:15,0
DA:16,0
DA:17,0
DA:19,0
DA:21,0
DA:22,0
DA:23,0
DA:24,0
DA:25,0
DA:26,0
DA:27,0
DA:28,0
DA:29,0
DA:30,0
DA:31,0
DA:32,0
FN:34,System.Void GlassLewis.Company.API.Configuration.ApiConfig::UseApiConfiguration(Microsoft.AspNetCore.Builder.IApplicationBuilder,Microsoft.AspNetCore.Hosting.IWebHostEnvironment)
FNDA:0,System.Void GlassLewis.Company.API.Configuration.ApiConfig::UseApiConfiguration(Microsoft.AspNetCore.Builder.IApplicationBuilder,Microsoft.AspNetCore.Hosting.IWebHostEnvironment)
DA:35,0
DA:36,0
DA:37,0
DA:38,0
DA:39,0
DA:40,0
DA:41,0
DA:43,0
DA:45,0
DA:47,0
DA:49,0
DA:51,0
DA:52,0
DA:53,0
DA:54,0
DA:55,0
BRDA:36,9,0,0
BRDA:36,9,1,0
LF:32
LH:0
BRF:2
BRH:0
FNF:2
FNH:0
end_of_record
SF:C:\dev\Testes\GlassLewis\GlassLewis\src\services\GlassLewis.Company.API\Configuration\DependencyInjectionConfig.cs
FN:15,System.Void GlassLewis.Company.API.Configuration.DependencyInjectionConfig::AddRegisterServices(Microsoft.Extensions.DependencyInjection.IServiceCollection)
FNDA:0,System.Void GlassLewis.Company.API.Configuration.DependencyInjectionConfig::AddRegisterServices(Microsoft.Extensions.DependencyInjection.IServiceCollection)
DA:16,0
DA:17,0
DA:18,0
DA:20,0
DA:22,0
DA:23,0
LF:6
LH:0
BRF:0
BRH:0
FNF:1
FNH:0
end_of_record
SF:C:\dev\Testes\GlassLewis\GlassLewis\src\services\GlassLewis.Company.API\Configuration\SwaggerConfig.cs
FN:9,Microsoft.Extensions.DependencyInjection.IServiceCollection GlassLewis.Company.API.Configuration.SwaggerConfig::AddSwaggerConfiguration(Microsoft.Extensions.DependencyInjection.IServiceCollection)
FNDA:0,Microsoft.Extensions.DependencyInjection.IServiceCollection GlassLewis.Company.API.Configuration.SwaggerConfig::AddSwaggerConfiguration(Microsoft.Extensions.DependencyInjection.IServiceCollection)
DA:10,0
DA:12,0
DA:13,0
DA:14,0
DA:15,0
DA:16,0
DA:17,0
DA:18,0
DA:19,0
DA:20,0
DA:21,0
DA:22,0
DA:23,0
DA:24,0
DA:25,0
DA:26,0
DA:27,0
DA:28,0
DA:29,0
DA:30,0
DA:31,0
DA:32,0
DA:33,0
DA:34,0
DA:35,0
DA:36,0
DA:37,0
DA:38,0
DA:39,0
DA:40,0
DA:41,0
DA:42,0
DA:43,0
DA:44,0
DA:45,0
DA:46,0
DA:47,0
FN:49,Microsoft.AspNetCore.Builder.IApplicationBuilder GlassLewis.Company.API.Configuration.SwaggerConfig::UseSwaggerConfiguration(Microsoft.AspNetCore.Builder.IApplicationBuilder)
FNDA:0,Microsoft.AspNetCore.Builder.IApplicationBuilder GlassLewis.Company.API.Configuration.SwaggerConfig::UseSwaggerConfiguration(Microsoft.AspNetCore.Builder.IApplicationBuilder)
DA:50,0
DA:52,0
DA:53,0
DA:55,0
DA:56,0
LF:42
LH:0
BRF:0
BRH:0
FNF:2
FNH:0
end_of_record
SF:C:\dev\Testes\GlassLewis\GlassLewis\src\services\GlassLewis.Company.API\Application\Events\CompanyEventHandler.cs
FN:10,System.Threading.Tasks.Task GlassLewis.Company.API.Application.Events.CompanyEventHandler::Handle(GlassLewis.Company.API.Application.Events.RegisteredCompanyEvent,System.Threading.CancellationToken)
FNDA:0,System.Threading.Tasks.Task GlassLewis.Company.API.Application.Events.CompanyEventHandler::Handle(GlassLewis.Company.API.Application.Events.RegisteredCompanyEvent,System.Threading.CancellationToken)
DA:11,0
DA:13,0
DA:14,0
LF:3
LH:0
BRF:0
BRH:0
FNF:1
FNH:0
end_of_record
SF:C:\dev\Testes\GlassLewis\GlassLewis\src\services\GlassLewis.Company.API\Application\Events\RegisteredCompanyEvent.cs
FN:19,System.Guid GlassLewis.Company.API.Application.Events.RegisteredCompanyEvent::get_Id()
FNDA:0,System.Guid GlassLewis.Company.API.Application.Events.RegisteredCompanyEvent::get_Id()
DA:20,0
FN:20,System.String GlassLewis.Company.API.Application.Events.RegisteredCompanyEvent::get_Name()
FNDA:1,System.String GlassLewis.Company.API.Application.Events.RegisteredCompanyEvent::get_Name()
DA:21,1
FN:21,System.String GlassLewis.Company.API.Application.Events.RegisteredCompanyEvent::get_StockTicker()
FNDA:1,System.String GlassLewis.Company.API.Application.Events.RegisteredCompanyEvent::get_StockTicker()
DA:22,1
FN:22,System.String GlassLewis.Company.API.Application.Events.RegisteredCompanyEvent::get_Exchange()
FNDA:1,System.String GlassLewis.Company.API.Application.Events.RegisteredCompanyEvent::get_Exchange()
DA:23,1
FN:23,System.String GlassLewis.Company.API.Application.Events.RegisteredCompanyEvent::get_ISIN()
FNDA:1,System.String GlassLewis.Company.API.Application.Events.RegisteredCompanyEvent::get_ISIN()
DA:24,1
FN:24,System.String GlassLewis.Company.API.Application.Events.RegisteredCompanyEvent::get_Website()
FNDA:1,System.String GlassLewis.Company.API.Application.Events.RegisteredCompanyEvent::get_Website()
DA:25,1
FN:10,System.Void GlassLewis.Company.API.Application.Events.RegisteredCompanyEvent::.ctor(System.String,System.String,System.String,System.String,System.String)
FNDA:1,System.Void GlassLewis.Company.API.Application.Events.RegisteredCompanyEvent::.ctor(System.String,System.String,System.String,System.String,System.String)
DA:11,1
DA:12,1
DA:13,1
DA:14,1
DA:15,1
DA:16,1
DA:17,1
DA:18,1
LF:14
LH:13
BRF:0
BRH:0
FNF:7
FNH:6
end_of_record
SF:C:\dev\Testes\GlassLewis\GlassLewis\src\services\GlassLewis.Company.API\Application\Commands\CompanyCommandHandler.cs
FN:16,System.Void GlassLewis.Company.API.Application.Commands.CompanyCommandHandler::.ctor(GlassLewis.Company.Domain.Interfaces.Repository.ICompanyRepository)
FNDA:3,System.Void GlassLewis.Company.API.Application.Commands.CompanyCommandHandler::.ctor(GlassLewis.Company.Domain.Interfaces.Repository.ICompanyRepository)
DA:17,3
DA:18,3
DA:19,3
DA:20,3
FN:22,System.Void GlassLewis.Company.API.Application.Commands.CompanyCommandHandler/<Handle>d__2::MoveNext()
FNDA:3,System.Void GlassLewis.Company.API.Application.Commands.CompanyCommandHandler/<Handle>d__2::MoveNext()
DA:23,3
DA:24,3
DA:25,1
DA:27,2
DA:28,2
DA:30,2
DA:32,2
DA:33,1
DA:34,1
DA:35,1
DA:38,1
DA:40,1
DA:42,1
DA:43,3
BRDA:24,45,0,1
BRDA:24,45,1,2
BRDA:32,285,0,1
BRDA:32,285,1,1
LF:18
LH:18
BRF:4
BRH:4
FNF:2
FNH:2
end_of_record
SF:C:\dev\Testes\GlassLewis\GlassLewis\src\services\GlassLewis.Company.API\Application\Commands\CreateCompanyCommand.cs
FN:11,System.String GlassLewis.Company.API.Application.Commands.CreateCompanyCommand::get_Name()
FNDA:19,System.String GlassLewis.Company.API.Application.Commands.CreateCompanyCommand::get_Name()
DA:12,19
FN:12,System.String GlassLewis.Company.API.Application.Commands.CreateCompanyCommand::get_StockTicker()
FNDA:19,System.String GlassLewis.Company.API.Application.Commands.CreateCompanyCommand::get_StockTicker()
DA:13,19
FN:13,System.String GlassLewis.Company.API.Application.Commands.CreateCompanyCommand::get_Exchange()
FNDA:19,System.String GlassLewis.Company.API.Application.Commands.CreateCompanyCommand::get_Exchange()
DA:14,19
FN:14,System.String GlassLewis.Company.API.Application.Commands.CreateCompanyCommand::get_ISIN()
FNDA:23,System.String GlassLewis.Company.API.Application.Commands.CreateCompanyCommand::get_ISIN()
DA:15,23
FN:15,System.String GlassLewis.Company.API.Application.Commands.CreateCompanyCommand::get_Website()
FNDA:11,System.String GlassLewis.Company.API.Application.Commands.CreateCompanyCommand::get_Website()
DA:16,11
FN:27,System.Boolean GlassLewis.Company.API.Application.Commands.CreateCompanyCommand::IsValid()
FNDA:8,System.Boolean GlassLewis.Company.API.Application.Commands.CreateCompanyCommand::IsValid()
DA:28,8
DA:29,8
DA:30,8
DA:31,8
FN:17,System.Void GlassLewis.Company.API.Application.Commands.CreateCompanyCommand::.ctor(System.String,System.String,System.String,System.String,System.String)
FNDA:8,System.Void GlassLewis.Company.API.Application.Commands.CreateCompanyCommand::.ctor(System.String,System.String,System.String,System.String,System.String)
DA:18,8
DA:19,8
DA:20,8
DA:21,8
DA:22,8
DA:23,8
DA:24,8
DA:25,8
FN:35,System.String GlassLewis.Company.API.Application.Commands.CreateCompanyCommandValidation::get_NameErrorMessage()
FNDA:9,System.String GlassLewis.Company.API.Application.Commands.CreateCompanyCommandValidation::get_NameErrorMessage()
DA:36,9
FN:36,System.String GlassLewis.Company.API.Application.Commands.CreateCompanyCommandValidation::get_ExchangeErrorMessage()
FNDA:9,System.String GlassLewis.Company.API.Application.Commands.CreateCompanyCommandValidation::get_ExchangeErrorMessage()
DA:37,9
FN:37,System.String GlassLewis.Company.API.Application.Commands.CreateCompanyCommandValidation::get_StockTickerErrorMessage()
FNDA:9,System.String GlassLewis.Company.API.Application.Commands.CreateCompanyCommandValidation::get_StockTickerErrorMessage()
DA:38,9
FN:38,System.String GlassLewis.Company.API.Application.Commands.CreateCompanyCommandValidation::get_ISINErrorMessage()
FNDA:12,System.String GlassLewis.Company.API.Application.Commands.CreateCompanyCommandValidation::get_ISINErrorMessage()
DA:39,12
FN:61,System.Boolean GlassLewis.Company.API.Application.Commands.CreateCompanyCommandValidation::ValidateISIN(System.String)
FNDA:8,System.Boolean GlassLewis.Company.API.Application.Commands.CreateCompanyCommandValidation::ValidateISIN(System.String)
DA:62,8
DA:63,8
DA:64,2
DA:66,6
DA:67,2
DA:69,4
DA:70,12
DA:72,4
DA:73,1
DA:75,3
DA:76,8
BRDA:63,9,0,2
BRDA:63,9,1,6
BRDA:66,32,0,2
BRDA:66,32,1,4
BRDA:72,101,0,1
BRDA:72,101,1,3
FN:40,System.Void GlassLewis.Company.API.Application.Commands.CreateCompanyCommandValidation::.ctor()
FNDA:8,System.Void GlassLewis.Company.API.Application.Commands.CreateCompanyCommandValidation::.ctor()
DA:41,8
DA:42,8
DA:44,8
DA:45,8
DA:46,8
DA:48,8
DA:49,8
DA:50,8
DA:52,8
DA:53,8
DA:54,8
DA:56,8
DA:57,8
DA:58,8
DA:59,8
LF:47
LH:47
BRF:6
BRH:6
FNF:13
FNH:13
end_of_record
SF:C:\dev\Testes\GlassLewis\GlassLewis\src\services\GlassLewis.Company.Domain\Entities\Company.cs
FN:11,System.String GlassLewis.Company.Domain.Entities.Company::get_Name()
FNDA:14,System.String GlassLewis.Company.Domain.Entities.Company::get_Name()
DA:12,14
FN:12,System.String GlassLewis.Company.Domain.Entities.Company::get_StockTicker()
FNDA:14,System.String GlassLewis.Company.Domain.Entities.Company::get_StockTicker()
DA:13,14
FN:13,System.String GlassLewis.Company.Domain.Entities.Company::get_Exchange()
FNDA:14,System.String GlassLewis.Company.Domain.Entities.Company::get_Exchange()
DA:14,14
FN:14,System.String GlassLewis.Company.Domain.Entities.Company::get_ISIN()
FNDA:16,System.String GlassLewis.Company.Domain.Entities.Company::get_ISIN()
DA:15,16
FN:15,System.String GlassLewis.Company.Domain.Entities.Company::get_Website()
FNDA:9,System.String GlassLewis.Company.Domain.Entities.Company::get_Website()
DA:16,9
FN:29,FluentValidation.Results.ValidationResult GlassLewis.Company.Domain.Entities.Company::IsValid()
FNDA:5,FluentValidation.Results.ValidationResult GlassLewis.Company.Domain.Entities.Company::IsValid()
DA:30,5
DA:31,5
DA:32,5
FN:17,System.Void GlassLewis.Company.Domain.Entities.Company::.ctor()
FNDA:0,System.Void GlassLewis.Company.Domain.Entities.Company::.ctor()
DA:18,0
FN:19,System.Void GlassLewis.Company.Domain.Entities.Company::.ctor(System.String,System.String,System.String,System.String,System.String)
FNDA:8,System.Void GlassLewis.Company.Domain.Entities.Company::.ctor(System.String,System.String,System.String,System.String,System.String)
DA:20,8
DA:21,8
DA:22,8
DA:23,8
DA:24,8
DA:25,8
DA:26,8
DA:27,8
FN:36,System.String GlassLewis.Company.Domain.Entities.CompanyValidation::get_NameErrorMessage()
FNDA:6,System.String GlassLewis.Company.Domain.Entities.CompanyValidation::get_NameErrorMessage()
DA:37,6
FN:37,System.String GlassLewis.Company.Domain.Entities.CompanyValidation::get_ExchangeErrorMessage()
FNDA:6,System.String GlassLewis.Company.Domain.Entities.CompanyValidation::get_ExchangeErrorMessage()
DA:38,6
FN:38,System.String GlassLewis.Company.Domain.Entities.CompanyValidation::get_StockTickerErrorMessage()
FNDA:6,System.String GlassLewis.Company.Domain.Entities.CompanyValidation::get_StockTickerErrorMessage()
DA:39,6
FN:39,System.String GlassLewis.Company.Domain.Entities.CompanyValidation::get_ISINErrorMessage()
FNDA:7,System.String GlassLewis.Company.Domain.Entities.CompanyValidation::get_ISINErrorMessage()
DA:40,7
FN:62,System.Boolean GlassLewis.Company.Domain.Entities.CompanyValidation::ValidateISIN(System.String)
FNDA:5,System.Boolean GlassLewis.Company.Domain.Entities.CompanyValidation::ValidateISIN(System.String)
DA:63,5
DA:64,5
DA:65,1
DA:67,4
DA:68,2
DA:70,2
DA:72,6
DA:74,2
DA:75,1
DA:77,1
DA:79,5
BRDA:64,9,0,1
BRDA:64,9,1,4
BRDA:67,32,0,2
BRDA:67,32,1,2
BRDA:74,101,0,1
BRDA:74,101,1,1
FN:41,System.Void GlassLewis.Company.Domain.Entities.CompanyValidation::.ctor()
FNDA:5,System.Void GlassLewis.Company.Domain.Entities.CompanyValidation::.ctor()
DA:42,5
DA:43,5
DA:44,5
DA:45,5
DA:46,5
DA:48,5
DA:49,5
DA:50,5
DA:52,5
DA:53,5
DA:54,5
DA:56,5
DA:57,5
DA:58,5
DA:60,5
LF:47
LH:46
BRF:6
BRH:6
FNF:14
FNH:13
end_of_record
SF:C:\dev\Testes\GlassLewis\GlassLewis\src\services\GlassLewis.Company.Infrastructure\Extension\MediatorExtension.cs
FN:24,System.Void GlassLewis.Company.Infrastructure.Extension.MediatorExtension/<>c__DisplayClass0_0`1/<<PublishEvents>b__3>d::MoveNext()
FNDA:0,System.Void GlassLewis.Company.Infrastructure.Extension.MediatorExtension/<>c__DisplayClass0_0`1/<<PublishEvents>b__3>d::MoveNext()
DA:25,0
DA:26,0
DA:27,0
FN:14,System.Boolean GlassLewis.Company.Infrastructure.Extension.MediatorExtension/<>c__0`1::<PublishEvents>b__0_0(Microsoft.EntityFrameworkCore.ChangeTracking.EntityEntry`1<GlassLewis.Core.DomainObjetcs.Entity>)
FNDA:0,System.Boolean GlassLewis.Company.Infrastructure.Extension.MediatorExtension/<>c__0`1::<PublishEvents>b__0_0(Microsoft.EntityFrameworkCore.ChangeTracking.EntityEntry`1<GlassLewis.Core.DomainObjetcs.Entity>)
DA:15,0
BRDA:15,11,0,0
BRDA:15,11,1,0
FN:17,System.Collections.Generic.IEnumerable`1<GlassLewis.Core.Messages.Event> GlassLewis.Company.Infrastructure.Extension.MediatorExtension/<>c__0`1::<PublishEvents>b__0_1(Microsoft.EntityFrameworkCore.ChangeTracking.EntityEntry`1<GlassLewis.Core.DomainObjetcs.Entity>)
FNDA:0,System.Collections.Generic.IEnumerable`1<GlassLewis.Core.Messages.Event> GlassLewis.Company.Infrastructure.Extension.MediatorExtension/<>c__0`1::<PublishEvents>b__0_1(Microsoft.EntityFrameworkCore.ChangeTracking.EntityEntry`1<GlassLewis.Core.DomainObjetcs.Entity>)
DA:18,0
FN:20,System.Void GlassLewis.Company.Infrastructure.Extension.MediatorExtension/<>c__0`1::<PublishEvents>b__0_2(Microsoft.EntityFrameworkCore.ChangeTracking.EntityEntry`1<GlassLewis.Core.DomainObjetcs.Entity>)
FNDA:0,System.Void GlassLewis.Company.Infrastructure.Extension.MediatorExtension/<>c__0`1::<PublishEvents>b__0_2(Microsoft.EntityFrameworkCore.ChangeTracking.EntityEntry`1<GlassLewis.Core.DomainObjetcs.Entity>)
DA:21,0
FN:11,System.Void GlassLewis.Company.Infrastructure.Extension.MediatorExtension/<PublishEvents>d__0`1::MoveNext()
FNDA:0,System.Void GlassLewis.Company.Infrastructure.Extension.MediatorExtension/<PublishEvents>d__0`1::MoveNext()
DA:12,0
DA:13,0
DA:14,0
DA:17,0
DA:19,0
DA:23,0
DA:24,0
DA:29,0
DA:30,0
BRDA:13,74,0,0
BRDA:13,74,1,0
BRDA:17,122,0,0
BRDA:17,122,1,0
BRDA:21,179,0,0
BRDA:21,179,1,0
LF:15
LH:0
BRF:8
BRH:0
FNF:5
FNH:0
end_of_record
SF:C:\dev\Testes\GlassLewis\GlassLewis\src\services\GlassLewis.Company.Infrastructure\Data\Repository\CompanyRepository.cs
FN:19,GlassLewis.Core.Data.Interfaces.IUnitOfWork GlassLewis.Company.Infrastructure.Data.Repository.CompanyRepository::get_UnitOfWork()
FNDA:0,GlassLewis.Core.Data.Interfaces.IUnitOfWork GlassLewis.Company.Infrastructure.Data.Repository.CompanyRepository::get_UnitOfWork()
DA:20,0
FN:37,System.Void GlassLewis.Company.Infrastructure.Data.Repository.CompanyRepository::Add(GlassLewis.Company.Domain.Entities.Company)
FNDA:0,System.Void GlassLewis.Company.Infrastructure.Data.Repository.CompanyRepository::Add(GlassLewis.Company.Domain.Entities.Company)
DA:38,0
DA:39,0
DA:40,0
FN:42,System.Void GlassLewis.Company.Infrastructure.Data.Repository.CompanyRepository::Update(GlassLewis.Company.Domain.Entities.Company)
FNDA:0,System.Void GlassLewis.Company.Infrastructure.Data.Repository.CompanyRepository::Update(GlassLewis.Company.Domain.Entities.Company)
DA:43,0
DA:44,0
DA:45,0
FN:47,System.Void GlassLewis.Company.Infrastructure.Data.Repository.CompanyRepository::Dispose()
FNDA:0,System.Void GlassLewis.Company.Infrastructure.Data.Repository.CompanyRepository::Dispose()
DA:48,0
DA:49,0
DA:50,0
FN:14,System.Void GlassLewis.Company.Infrastructure.Data.Repository.CompanyRepository::.ctor(GlassLewis.Company.Infrastructure.Data.Context.CompanyContext)
FNDA:0,System.Void GlassLewis.Company.Infrastructure.Data.Repository.CompanyRepository::.ctor(GlassLewis.Company.Infrastructure.Data.Context.CompanyContext)
DA:15,0
DA:16,0
DA:17,0
DA:18,0
FN:22,System.Void GlassLewis.Company.Infrastructure.Data.Repository.CompanyRepository/<GetById>d__4::MoveNext()
FNDA:0,System.Void GlassLewis.Company.Infrastructure.Data.Repository.CompanyRepository/<GetById>d__4::MoveNext()
DA:23,0
DA:24,0
DA:25,0
FN:27,System.Void GlassLewis.Company.Infrastructure.Data.Repository.CompanyRepository/<GetByISIN>d__5::MoveNext()
FNDA:0,System.Void GlassLewis.Company.Infrastructure.Data.Repository.CompanyRepository/<GetByISIN>d__5::MoveNext()
DA:28,0
DA:29,0
DA:30,0
FN:32,System.Void GlassLewis.Company.Infrastructure.Data.Repository.CompanyRepository/<GetAll>d__6::MoveNext()
FNDA:0,System.Void GlassLewis.Company.Infrastructure.Data.Repository.CompanyRepository/<GetAll>d__6::MoveNext()
DA:33,0
DA:34,0
DA:35,0
LF:23
LH:0
BRF:0
BRH:0
FNF:8
FNH:0
end_of_record
SF:C:\dev\Testes\GlassLewis\GlassLewis\src\services\GlassLewis.Company.Infrastructure\Data\Mappings\CompanyMapping.cs
FN:8,System.Void GlassLewis.Company.Infrastructure.Data.Mappings.CompanyMapping::Configure(Microsoft.EntityFrameworkCore.Metadata.Builders.EntityTypeBuilder`1<GlassLewis.Company.Domain.Entities.Company>)
FNDA:0,System.Void GlassLewis.Company.Infrastructure.Data.Mappings.CompanyMapping::Configure(Microsoft.EntityFrameworkCore.Metadata.Builders.EntityTypeBuilder`1<GlassLewis.Company.Domain.Entities.Company>)
DA:9,0
DA:10,0
DA:12,0
DA:13,0
DA:14,0
DA:16,0
DA:17,0
DA:18,0
DA:20,0
DA:21,0
DA:22,0
DA:24,0
DA:25,0
DA:26,0
DA:28,0
DA:29,0
DA:31,0
DA:32,0
LF:18
LH:0
BRF:0
BRH:0
FNF:1
FNH:0
end_of_record
SF:C:\dev\Testes\GlassLewis\GlassLewis\src\services\GlassLewis.Company.Infrastructure\Data\Context\CompanyContext.cs
FN:23,Microsoft.EntityFrameworkCore.DbSet`1<GlassLewis.Company.Domain.Entities.Company> GlassLewis.Company.Infrastructure.Data.Context.CompanyContext::get_Companies()
FNDA:0,Microsoft.EntityFrameworkCore.DbSet`1<GlassLewis.Company.Domain.Entities.Company> GlassLewis.Company.Infrastructure.Data.Context.CompanyContext::get_Companies()
DA:24,0
FN:26,System.Void GlassLewis.Company.Infrastructure.Data.Context.CompanyContext::OnModelCreating(Microsoft.EntityFrameworkCore.ModelBuilder)
FNDA:0,System.Void GlassLewis.Company.Infrastructure.Data.Context.CompanyContext::OnModelCreating(Microsoft.EntityFrameworkCore.ModelBuilder)
DA:27,0
DA:28,0
DA:29,0
DA:31,0
DA:32,0
DA:33,0
DA:35,0
DA:36,0
BRDA:31,96,1,0
BRDA:31,96,0,0
FN:16,System.Void GlassLewis.Company.Infrastructure.Data.Context.CompanyContext::.ctor(Microsoft.EntityFrameworkCore.DbContextOptions`1<GlassLewis.Company.Infrastructure.Data.Context.CompanyContext>,GlassLewis.Core.Mediator.Interface.IMediatorHandler)
FNDA:0,System.Void GlassLewis.Company.Infrastructure.Data.Context.CompanyContext::.ctor(Microsoft.EntityFrameworkCore.DbContextOptions`1<GlassLewis.Company.Infrastructure.Data.Context.CompanyContext>,GlassLewis.Core.Mediator.Interface.IMediatorHandler)
DA:17,0
DA:18,0
DA:19,0
DA:20,0
DA:21,0
DA:22,0
FN:37,System.Void GlassLewis.Company.Infrastructure.Data.Context.CompanyContext/<Commit>d__7::MoveNext()
FNDA:0,System.Void GlassLewis.Company.Infrastructure.Data.Context.CompanyContext/<Commit>d__7::MoveNext()
DA:38,0
DA:39,0
DA:41,0
DA:42,0
DA:44,0
DA:45,0
BRDA:41,167,0,0
BRDA:41,167,1,0
LF:21
LH:0
BRF:4
BRH:0
FNF:4
FNH:0
end_of_record
SF:C:\dev\Testes\GlassLewis\GlassLewis\src\building blocks\GlassLewis.Core\Messages\Command.cs
FN:8,System.DateTime GlassLewis.Core.Messages.Command::get_Timestamp()
FNDA:8,System.DateTime GlassLewis.Core.Messages.Command::get_Timestamp()
DA:9,8
FN:9,FluentValidation.Results.ValidationResult GlassLewis.Core.Messages.Command::get_ValidationResult()
FNDA:28,FluentValidation.Results.ValidationResult GlassLewis.Core.Messages.Command::get_ValidationResult()
DA:10,28
FN:17,System.Boolean GlassLewis.Core.Messages.Command::IsValid()
FNDA:0,System.Boolean GlassLewis.Core.Messages.Command::IsValid()
DA:18,0
DA:19,0
FN:11,System.Void GlassLewis.Core.Messages.Command::.ctor()
FNDA:8,System.Void GlassLewis.Core.Messages.Command::.ctor()
DA:12,8
DA:13,8
DA:14,8
DA:15,8
LF:8
LH:6
BRF:0
BRH:0
FNF:4
FNH:3
end_of_record
SF:C:\dev\Testes\GlassLewis\GlassLewis\src\building blocks\GlassLewis.Core\Messages\CommandHandler.cs
FN:16,System.Void GlassLewis.Core.Messages.CommandHandler::AddError(System.String)
FNDA:1,System.Void GlassLewis.Core.Messages.CommandHandler::AddError(System.String)
DA:17,1
DA:18,1
DA:19,1
FN:10,System.Void GlassLewis.Core.Messages.CommandHandler::.ctor()
FNDA:3,System.Void GlassLewis.Core.Messages.CommandHandler::.ctor()
DA:11,3
DA:12,3
DA:13,3
DA:14,3
FN:21,System.Void GlassLewis.Core.Messages.CommandHandler/<PersistData>d__3::MoveNext()
FNDA:1,System.Void GlassLewis.Core.Messages.CommandHandler/<PersistData>d__3::MoveNext()
DA:22,1
DA:23,1
DA:24,0
DA:26,1
DA:27,1
BRDA:23,133,0,0
BRDA:23,133,1,1
LF:12
LH:11
BRF:2
BRH:1
FNF:3
FNH:3
end_of_record
SF:C:\dev\Testes\GlassLewis\GlassLewis\src\building blocks\GlassLewis.Core\Messages\Event.cs
FN:11,System.DateTime GlassLewis.Core.Messages.Event::get_Timestamp()
FNDA:1,System.DateTime GlassLewis.Core.Messages.Event::get_Timestamp()
DA:12,1
FN:13,System.Void GlassLewis.Core.Messages.Event::.ctor()
FNDA:1,System.Void GlassLewis.Core.Messages.Event::.ctor()
DA:14,1
DA:15,1
DA:16,1
DA:17,1
LF:5
LH:5
BRF:0
BRH:0
FNF:2
FNH:2
end_of_record
SF:C:\dev\Testes\GlassLewis\GlassLewis\src\building blocks\GlassLewis.Core\Messages\Message.cs
FN:10,System.String GlassLewis.Core.Messages.Message::get_MessageType()
FNDA:9,System.String GlassLewis.Core.Messages.Message::get_MessageType()
DA:11,9
FN:13,System.Void GlassLewis.Core.Messages.Message::.ctor()
FNDA:9,System.Void GlassLewis.Core.Messages.Message::.ctor()
DA:14,9
DA:15,9
DA:16,9
DA:17,9
LF:5
LH:5
BRF:0
BRH:0
FNF:2
FNH:2
end_of_record
SF:C:\dev\Testes\GlassLewis\GlassLewis\src\building blocks\GlassLewis.Core\Mediator\MediatorHandler.cs
FN:16,System.Void GlassLewis.Core.Mediator.MediatorHandler::.ctor(MediatR.IMediator)
FNDA:0,System.Void GlassLewis.Core.Mediator.MediatorHandler::.ctor(MediatR.IMediator)
DA:17,0
DA:18,0
DA:19,0
DA:20,0
FN:22,System.Void GlassLewis.Core.Mediator.MediatorHandler/<SendCommand>d__2`1::MoveNext()
FNDA:0,System.Void GlassLewis.Core.Mediator.MediatorHandler/<SendCommand>d__2`1::MoveNext()
DA:23,0
DA:24,0
DA:25,0
FN:27,System.Void GlassLewis.Core.Mediator.MediatorHandler/<PublishEvent>d__3`1::MoveNext()
FNDA:0,System.Void GlassLewis.Core.Mediator.MediatorHandler/<PublishEvent>d__3`1::MoveNext()
DA:28,0
DA:29,0
DA:30,0
LF:10
LH:0
BRF:0
BRH:0
FNF:3
FNH:0
end_of_record
SF:C:\dev\Testes\GlassLewis\GlassLewis\src\building blocks\GlassLewis.Core\DomainObjetcs\DomainException.cs
FN:10,System.Void GlassLewis.Core.DomainObjetcs.DomainException::.ctor()
FNDA:0,System.Void GlassLewis.Core.DomainObjetcs.DomainException::.ctor()
DA:11,0
DA:12,0
FN:14,System.Void GlassLewis.Core.DomainObjetcs.DomainException::.ctor(System.String)
FNDA:0,System.Void GlassLewis.Core.DomainObjetcs.DomainException::.ctor(System.String)
DA:15,0
FN:17,System.Void GlassLewis.Core.DomainObjetcs.DomainException::.ctor(System.String,System.Exception)
FNDA:0,System.Void GlassLewis.Core.DomainObjetcs.DomainException::.ctor(System.String,System.Exception)
DA:18,0
LF:4
LH:0
BRF:0
BRH:0
FNF:3
FNH:0
end_of_record
SF:C:\dev\Testes\GlassLewis\GlassLewis\src\building blocks\GlassLewis.Core\DomainObjetcs\Entity.cs
FN:11,System.Guid GlassLewis.Core.DomainObjetcs.Entity::get_Id()
FNDA:8,System.Guid GlassLewis.Core.DomainObjetcs.Entity::get_Id()
DA:12,8
FN:14,System.Collections.Generic.IReadOnlyCollection`1<GlassLewis.Core.Messages.Event> GlassLewis.Core.DomainObjetcs.Entity::get_Notifications()
FNDA:1,System.Collections.Generic.IReadOnlyCollection`1<GlassLewis.Core.Messages.Event> GlassLewis.Core.DomainObjetcs.Entity::get_Notifications()
DA:15,1
FN:23,System.Void GlassLewis.Core.DomainObjetcs.Entity::AddEvent(GlassLewis.Core.Messages.Event)
FNDA:1,System.Void GlassLewis.Core.DomainObjetcs.Entity::AddEvent(GlassLewis.Core.Messages.Event)
DA:24,1
DA:25,1
DA:26,1
DA:27,1
BRDA:25,9,0,0
BRDA:25,9,1,1
FN:29,System.Void GlassLewis.Core.DomainObjetcs.Entity::RemoveEvent(GlassLewis.Core.Messages.Event)
FNDA:0,System.Void GlassLewis.Core.DomainObjetcs.Entity::RemoveEvent(GlassLewis.Core.Messages.Event)
DA:30,0
DA:31,0
DA:32,0
BRDA:31,8,0,0
BRDA:31,8,1,0
FN:35,System.Void GlassLewis.Core.DomainObjetcs.Entity::ClearEvents()
FNDA:0,System.Void GlassLewis.Core.DomainObjetcs.Entity::ClearEvents()
DA:36,0
DA:37,0
DA:38,0
BRDA:37,8,0,0
BRDA:37,8,1,0
FN:16,System.Void GlassLewis.Core.DomainObjetcs.Entity::.ctor()
FNDA:8,System.Void GlassLewis.Core.DomainObjetcs.Entity::.ctor()
DA:17,8
DA:18,8
DA:19,8
DA:20,8
DA:21,8
LF:17
LH:11
BRF:6
BRH:1
FNF:6
FNH:4
end_of_record
SF:C:\dev\Testes\GlassLewis\GlassLewis\src\building blocks\GlassLewis.WebAPI.Core\Identity\AppSettings.cs
FN:9,System.String GlassLewis.WebAPI.Core.Identity.AppSettings::get_Secret()
FNDA:0,System.String GlassLewis.WebAPI.Core.Identity.AppSettings::get_Secret()
DA:10,0
FN:10,System.Int32 GlassLewis.WebAPI.Core.Identity.AppSettings::get_ExpirationInHours()
FNDA:0,System.Int32 GlassLewis.WebAPI.Core.Identity.AppSettings::get_ExpirationInHours()
DA:11,0
FN:11,System.String GlassLewis.WebAPI.Core.Identity.AppSettings::get_Issuer()
FNDA:0,System.String GlassLewis.WebAPI.Core.Identity.AppSettings::get_Issuer()
DA:12,0
FN:12,System.String GlassLewis.WebAPI.Core.Identity.AppSettings::get_Audience()
FNDA:0,System.String GlassLewis.WebAPI.Core.Identity.AppSettings::get_Audience()
DA:13,0
LF:4
LH:0
BRF:0
BRH:0
FNF:4
FNH:0
end_of_record
SF:C:\dev\Testes\GlassLewis\GlassLewis\src\building blocks\GlassLewis.WebAPI.Core\Identity\ClaimRequirementFilter.cs
FN:16,System.Void GlassLewis.WebAPI.Core.Identity.ClaimRequirementFilter::OnAuthorization(Microsoft.AspNetCore.Mvc.Filters.AuthorizationFilterContext)
FNDA:0,System.Void GlassLewis.WebAPI.Core.Identity.ClaimRequirementFilter::OnAuthorization(Microsoft.AspNetCore.Mvc.Filters.AuthorizationFilterContext)
DA:17,0
DA:18,0
DA:19,0
DA:20,0
DA:21,0
DA:24,0
DA:25,0
DA:26,0
DA:27,0
DA:28,0
BRDA:18,27,0,0
BRDA:18,27,1,0
BRDA:24,87,0,0
BRDA:24,87,1,0
FN:10,System.Void GlassLewis.WebAPI.Core.Identity.ClaimRequirementFilter::.ctor(System.Security.Claims.Claim)
FNDA:0,System.Void GlassLewis.WebAPI.Core.Identity.ClaimRequirementFilter::.ctor(System.Security.Claims.Claim)
DA:11,0
DA:12,0
DA:13,0
DA:14,0
LF:14
LH:0
BRF:4
BRH:0
FNF:2
FNH:0
end_of_record
SF:C:\dev\Testes\GlassLewis\GlassLewis\src\building blocks\GlassLewis.WebAPI.Core\Identity\ClaimsAuthorizeAttribute.cs
FN:8,System.Void GlassLewis.WebAPI.Core.Identity.ClaimsAuthorizeAttribute::.ctor(System.String,System.String)
FNDA:0,System.Void GlassLewis.WebAPI.Core.Identity.ClaimsAuthorizeAttribute::.ctor(System.String,System.String)
DA:9,0
DA:10,0
DA:11,0
DA:12,0
LF:4
LH:0
BRF:0
BRH:0
FNF:1
FNH:0
end_of_record
SF:C:\dev\Testes\GlassLewis\GlassLewis\src\building blocks\GlassLewis.WebAPI.Core\Identity\CustomAuthorize.cs
FN:8,System.Boolean GlassLewis.WebAPI.Core.Identity.CustomAuthorization::ValidateUserClaims(Microsoft.AspNetCore.Http.HttpContext,System.String,System.String)
FNDA:0,System.Boolean GlassLewis.WebAPI.Core.Identity.CustomAuthorization::ValidateUserClaims(Microsoft.AspNetCore.Http.HttpContext,System.String,System.String)
DA:9,0
DA:10,0
DA:11,0
DA:12,0
BRDA:10,37,0,0
BRDA:10,37,1,0
BRDA:11,17,0,0
BRDA:11,17,1,0
LF:4
LH:0
BRF:4
BRH:0
FNF:1
FNH:0
end_of_record
SF:C:\dev\Testes\GlassLewis\GlassLewis\src\building blocks\GlassLewis.WebAPI.Core\Identity\JwtConfig.cs
FN:12,System.Void GlassLewis.WebAPI.Core.Identity.JwtConfig::AddJwtConfiguration(Microsoft.Extensions.DependencyInjection.IServiceCollection,Microsoft.Extensions.Configuration.IConfiguration)
FNDA:0,System.Void GlassLewis.WebAPI.Core.Identity.JwtConfig::AddJwtConfiguration(Microsoft.Extensions.DependencyInjection.IServiceCollection,Microsoft.Extensions.Configuration.IConfiguration)
DA:13,0
DA:15,0
DA:16,0
DA:18,0
DA:19,0
DA:21,0
DA:22,0
DA:23,0
DA:24,0
DA:25,0
DA:26,0
DA:27,0
DA:28,0
DA:29,0
DA:30,0
DA:31,0
DA:32,0
DA:33,0
DA:34,0
DA:35,0
DA:36,0
DA:37,0
DA:38,0
DA:39,0
DA:42,0
FN:44,System.Void GlassLewis.WebAPI.Core.Identity.JwtConfig::UseAuthConfiguration(Microsoft.AspNetCore.Builder.IApplicationBuilder)
FNDA:0,System.Void GlassLewis.WebAPI.Core.Identity.JwtConfig::UseAuthConfiguration(Microsoft.AspNetCore.Builder.IApplicationBuilder)
DA:45,0
DA:46,0
DA:47,0
DA:48,0
LF:29
LH:0
BRF:0
BRH:0
FNF:2
FNH:0
end_of_record
SF:C:\dev\Testes\GlassLewis\GlassLewis\src\building blocks\GlassLewis.WebAPI.Core\Controller\MainController.cs
FN:14,Microsoft.AspNetCore.Mvc.ActionResult GlassLewis.WebAPI.Core.Controller.MainController::CustomResponse(System.Object)
FNDA:0,Microsoft.AspNetCore.Mvc.ActionResult GlassLewis.WebAPI.Core.Controller.MainController::CustomResponse(System.Object)
DA:15,0
DA:16,0
DA:17,0
DA:19,0
DA:20,0
DA:21,0
DA:22,0
DA:23,0
BRDA:16,9,0,0
BRDA:16,9,1,0
FN:25,Microsoft.AspNetCore.Mvc.ActionResult GlassLewis.WebAPI.Core.Controller.MainController::CustomResponse(Microsoft.AspNetCore.Mvc.ModelBinding.ModelStateDictionary)
FNDA:0,Microsoft.AspNetCore.Mvc.ActionResult GlassLewis.WebAPI.Core.Controller.MainController::CustomResponse(Microsoft.AspNetCore.Mvc.ModelBinding.ModelStateDictionary)
DA:26,0
DA:27,0
DA:28,0
DA:29,0
DA:31,0
DA:32,0
BRDA:28,85,1,0
BRDA:28,85,0,0
FN:34,Microsoft.AspNetCore.Mvc.ActionResult GlassLewis.WebAPI.Core.Controller.MainController::CustomResponse(FluentValidation.Results.ValidationResult)
FNDA:0,Microsoft.AspNetCore.Mvc.ActionResult GlassLewis.WebAPI.Core.Controller.MainController::CustomResponse(FluentValidation.Results.ValidationResult)
DA:35,0
DA:37,0
DA:38,0
DA:40,0
DA:41,0
BRDA:37,44,1,0
BRDA:37,44,0,0
FN:43,System.Boolean GlassLewis.WebAPI.Core.Controller.MainController::OperacaoValida()
FNDA:0,System.Boolean GlassLewis.WebAPI.Core.Controller.MainController::OperacaoValida()
DA:44,0
DA:45,0
DA:46,0
FN:48,System.Void GlassLewis.WebAPI.Core.Controller.MainController::AddError(System.String)
FNDA:0,System.Void GlassLewis.WebAPI.Core.Controller.MainController::AddError(System.String)
DA:49,0
DA:50,0
DA:51,0
FN:53,System.Void GlassLewis.WebAPI.Core.Controller.MainController::CleanError()
FNDA:0,System.Void GlassLewis.WebAPI.Core.Controller.MainController::CleanError()
DA:54,0
DA:55,0
DA:56,0
FN:11,System.Void GlassLewis.WebAPI.Core.Controller.MainController::.ctor()
FNDA:0,System.Void GlassLewis.WebAPI.Core.Controller.MainController::.ctor()
DA:12,0
LF:29
LH:0
BRF:6
BRH:0
FNF:7
FNH:0
end_of_record